[01:08:21] [main/INFO] (FabricLoader/GameProvider) Loading Minecraft 1.19.2 with Fabric Loader 0.14.14
[01:08:21] [main/INFO] (FabricLoader) Loading 50 mods:
	- fabric-api 0.73.2+1.19.2
	- fabric-api-base 0.4.15+8f4e8eb390
	- fabric-api-lookup-api-v1 1.6.14+93d8cb8290
	- fabric-biome-api-v1 9.1.0+82db024a90
	- fabric-block-api-v1 1.0.2+e415d50e90
	- fabric-blockrenderlayer-v1 1.1.24+c6af733c90
	- fabric-client-tags-api-v1 1.0.5+b35fea8390
	- fabric-command-api-v2 2.2.1+413cbbc790
	- fabric-content-registries-v0 3.5.1+7c6cd14d90
	- fabric-convention-tags-v1 1.2.2+27265b3490
	- fabric-crash-report-info-v1 0.2.8+aeb40ebe90
	- fabric-data-generation-api-v1 5.3.7+413cbbc790
	- fabric-dimensions-v1 2.1.35+0d0f210290
	- fabric-entity-events-v1 1.5.4+9244241690
	- fabric-events-interaction-v0 0.4.34+562bff6e90
	- fabric-game-rule-api-v1 1.0.24+b6b6abb490
	- fabric-gametest-api-v1 1.1.7+4d0d570390
	- fabric-item-api-v1 1.6.5+dce4603e90
	- fabric-item-groups-v0 0.3.38+9244241690
	- fabric-key-binding-api-v1 1.0.25+5c4fce2890
	- fabric-lifecycle-events-v1 2.2.4+1b46dc7890
	- fabric-loot-api-v2 1.1.12+83a8659290
	- fabric-message-api-v1 5.0.7+93d8cb8290
	- fabric-mining-level-api-v1 2.1.23+33fbc73890
	- fabric-models-v0 0.3.21+c6af733c90
	- fabric-networking-api-v1 1.2.11+10eb22f490
	- fabric-object-builder-api-v1 4.2.1+d8ef690890
	- fabric-particles-v1 1.0.14+4d0d570390
	- fabric-permissions-api-v0 0.1-SNAPSHOT
	- fabric-recipe-api-v1 1.0.1+413cbbc790
	- fabric-registry-sync-v0 0.9.32+9244241690
	- fabric-renderer-api-v1 1.2.1+2e5408b590
	- fabric-renderer-indigo 0.7.1+2e5408b590
	- fabric-rendering-data-attachment-v1 0.3.19+6e0787e690
	- fabric-rendering-fluids-v1 3.0.11+4d0d570390
	- fabric-rendering-v1 1.12.1+d8ef690890
	- fabric-resource-conditions-api-v1 2.1.2+aae9039d90
	- fabric-resource-loader-v0 0.8.3+251d254a90
	- fabric-screen-api-v1 1.0.32+4d0d570390
	- fabric-screen-handler-api-v1 1.3.7+1cc24b1b90
	- fabric-sound-api-v1 1.0.2+c4f28df590
	- fabric-textures-v0 1.0.24+aeb40ebe90
	- fabric-transfer-api-v1 2.1.6+413cbbc790
	- fabric-transitive-access-wideners-v1 1.3.3+08b73de490
	- fabricloader 0.14.14
	- geckolib3 3.1.40
	- hoverpets 0.4.0
	- java 17
	- minecraft 1.19.2
	- owo 0.9.3+1.19
[01:08:22] [main/INFO] (FabricLoader/Mixin) SpongePowered MIXIN Subsystem Version=0.8.5 Source=file:/C:/Users/Admin/.gradle/caches/modules-2/files-2.1/net.fabricmc/sponge-mixin/0.11.4+mixin.0.8.5/c1dc27696aa4006e492c2485c9ccbcb26045a971/sponge-mixin-0.11.4+mixin.0.8.5.jar Service=Knot/Fabric Env=CLIENT
[01:08:22] [main/INFO] (FabricLoader/Mixin) Loaded Fabric development mappings for mixin remapper!
[01:08:22] [main/INFO] (FabricLoader/Mixin) Compatibility level set to JAVA_16
[01:08:22] [main/INFO] (FabricLoader/Mixin) Compatibility level set to JAVA_17
[01:08:23] [main/WARN] (FabricLoader/Mixin) Error loading class: fr/catcore/server/translations/api/resource/language/SystemDelegatedLanguage (java.lang.ClassNotFoundException: fr/catcore/server/translations/api/resource/language/SystemDelegatedLanguage)
[01:08:23] [main/WARN] (FabricLoader/Mixin) Error loading class: org/jetbrains/annotations/ApiStatus$Internal (java.lang.ClassNotFoundException: org/jetbrains/annotations/ApiStatus$Internal)
[01:08:30] [main/INFO] (Minecraft) Building optimized datafixer
[01:08:35] [Render thread/WARN] (FabricLoader/Mixin) Error loading class: org/quiltmc/loader/impl/game/minecraft/Hooks (java.lang.ClassNotFoundException: org/quiltmc/loader/impl/game/minecraft/Hooks)
[01:08:35] [Render thread/INFO] (Minecraft) Environment: authHost='https://authserver.mojang.com', accountsHost='https://api.mojang.com', sessionHost='https://sessionserver.mojang.com', servicesHost='https://api.minecraftservices.com', name='PROD'
[01:08:36] [Render thread/ERROR] (Minecraft) Failed to verify authentication
com.mojang.authlib.exceptions.InvalidCredentialsException: Status: 401
	at com.mojang.authlib.exceptions.MinecraftClientHttpException.toAuthenticationException(MinecraftClientHttpException.java:56) ~[authlib-3.11.49.jar:?]
	at com.mojang.authlib.yggdrasil.YggdrasilUserApiService.fetchProperties(YggdrasilUserApiService.java:155) ~[authlib-3.11.49.jar:?]
	at com.mojang.authlib.yggdrasil.YggdrasilUserApiService.<init>(YggdrasilUserApiService.java:55) ~[authlib-3.11.49.jar:?]
	at com.mojang.authlib.yggdrasil.YggdrasilAuthenticationService.createUserApiService(YggdrasilAuthenticationService.java:161) ~[authlib-3.11.49.jar:?]
	at net.minecraft.client.MinecraftClient.createUserApiService(MinecraftClient.java:711) [minecraft-project-@-merged-named.jar:?]
	at net.minecraft.client.MinecraftClient.<init>(MinecraftClient.java:431) [minecraft-project-@-merged-named.jar:?]
	at net.minecraft.client.main.Main.main(Main.java:205) [minecraft-project-@-merged-named.jar:?]
	at net.minecraft.client.main.Main.main(Main.java:51) [minecraft-project-@-merged-named.jar:?]
	at net.fabricmc.loader.impl.game.minecraft.MinecraftGameProvider.launch(MinecraftGameProvider.java:461) [fabric-loader-0.14.14.jar:?]
	at net.fabricmc.loader.impl.launch.knot.Knot.launch(Knot.java:74) [fabric-loader-0.14.14.jar:?]
	at net.fabricmc.loader.impl.launch.knot.KnotClient.main(KnotClient.java:23) [fabric-loader-0.14.14.jar:?]
	at net.fabricmc.devlaunchinjector.Main.main(Main.java:86) [dev-launch-injector-0.2.1+build.8.jar:?]
Caused by: com.mojang.authlib.exceptions.MinecraftClientHttpException: Status: 401
	at com.mojang.authlib.minecraft.client.MinecraftClient.readInputStream(MinecraftClient.java:87) ~[authlib-3.11.49.jar:?]
	at com.mojang.authlib.minecraft.client.MinecraftClient.get(MinecraftClient.java:48) ~[authlib-3.11.49.jar:?]
	at com.mojang.authlib.yggdrasil.YggdrasilUserApiService.fetchProperties(YggdrasilUserApiService.java:129) ~[authlib-3.11.49.jar:?]
	... 10 more
[01:08:36] [Render thread/INFO] (Minecraft) Setting user: Player151
[01:08:37] [Render thread/INFO] (owo) who invited dafuqs
[01:08:37] [Render thread/ERROR] (Minecraft) No data fixer registered for geoexampleentity
[01:08:37] [Render thread/ERROR] (Minecraft) No data fixer registered for bikeentity
[01:08:37] [Render thread/ERROR] (Minecraft) No data fixer registered for carentity
[01:08:37] [Render thread/ERROR] (Minecraft) No data fixer registered for extendedrendererentity
[01:08:37] [Render thread/ERROR] (Minecraft) No data fixer registered for textureperbonetestentity
[01:08:37] [Render thread/ERROR] (Minecraft) No data fixer registered for leentity
[01:08:37] [Render thread/ERROR] (Minecraft) No data fixer registered for rocketprojectile
[01:08:37] [Render thread/INFO] (Minecraft) [STDERR]: Unexpected token END OF FILE at position 0.
[01:08:37] [Render thread/INFO] (Minecraft) [STDERR]: 	at org.json.simple.parser.JSONParser.parse(JSONParser.java:257)
[01:08:37] [Render thread/INFO] (Minecraft) [STDERR]: 	at org.json.simple.parser.JSONParser.parse(JSONParser.java:92)
[01:08:37] [Render thread/INFO] (Minecraft) [STDERR]: 	at safro.hover.pets.util.Config.init(Config.java:24)
[01:08:37] [Render thread/INFO] (Minecraft) [STDERR]: 	at safro.hover.pets.HoverPets.onInitialize(HoverPets.java:43)
[01:08:37] [Render thread/INFO] (Minecraft) [STDERR]: 	at net.fabricmc.loader.impl.entrypoint.EntrypointUtils.invoke0(EntrypointUtils.java:47)
[01:08:37] [Render thread/INFO] (Minecraft) [STDERR]: 	at net.fabricmc.loader.impl.entrypoint.EntrypointUtils.invoke(EntrypointUtils.java:35)
[01:08:37] [Render thread/INFO] (Minecraft) [STDERR]: 	at net.fabricmc.loader.impl.game.minecraft.Hooks.startClient(Hooks.java:52)
[01:08:37] [Render thread/INFO] (Minecraft) [STDERR]: 	at net.minecraft.client.MinecraftClient.<init>(MinecraftClient.java:459)
[01:08:37] [Render thread/INFO] (Minecraft) [STDERR]: 	at net.minecraft.client.main.Main.main(Main.java:205)
[01:08:37] [Render thread/INFO] (Minecraft) [STDERR]: 	at net.minecraft.client.main.Main.main(Main.java:51)
[01:08:37] [Render thread/INFO] (Minecraft) [STDERR]: 	at net.fabricmc.loader.impl.game.minecraft.MinecraftGameProvider.launch(MinecraftGameProvider.java:461)
[01:08:37] [Render thread/INFO] (Minecraft) [STDERR]: 	at net.fabricmc.loader.impl.launch.knot.Knot.launch(Knot.java:74)
[01:08:37] [Render thread/INFO] (Minecraft) [STDERR]: 	at net.fabricmc.loader.impl.launch.knot.KnotClient.main(KnotClient.java:23)
[01:08:37] [Render thread/INFO] (Minecraft) [STDERR]: 	at net.fabricmc.devlaunchinjector.Main.main(Main.java:86)
[01:08:38] [Render thread/INFO] (Indigo) [Indigo] Registering Indigo renderer!
[01:08:38] [Render thread/INFO] (owo) Services frozen by 'net.minecraft.client.MinecraftClient'
[01:08:38] [Render thread/INFO] (Minecraft) Backend library: LWJGL version 3.3.1 SNAPSHOT
[01:08:43] [Worker-Main-8/ERROR] (Minecraft) Failed to retrieve profile key pair
java.io.IOException: Could not retrieve profile key pair
	at net.minecraft.client.util.ProfileKeys.fetchKeyPair(ProfileKeys.java:130) ~[minecraft-project-@-merged-named.jar:?]
	at net.minecraft.client.util.ProfileKeys.method_44291(ProfileKeys.java:69) ~[minecraft-project-@-merged-named.jar:?]
	at java.util.concurrent.CompletableFuture$AsyncSupply.run(CompletableFuture.java:1768) [?:?]
	at java.util.concurrent.CompletableFuture$AsyncSupply.exec(CompletableFuture.java:1760) [?:?]
	at java.util.concurrent.ForkJoinTask.doExec(ForkJoinTask.java:373) [?:?]
	at java.util.concurrent.ForkJoinPool$WorkQueue.topLevelExec(ForkJoinPool.java:1182) [?:?]
	at java.util.concurrent.ForkJoinPool.scan(ForkJoinPool.java:1655) [?:?]
	at java.util.concurrent.ForkJoinPool.runWorker(ForkJoinPool.java:1622) [?:?]
	at java.util.concurrent.ForkJoinWorkerThread.run(ForkJoinWorkerThread.java:165) [?:?]
[01:08:43] [Render thread/INFO] (Minecraft) Narrator library for x64 successfully loaded
[01:08:43] [Render thread/INFO] (Minecraft) Reloading ResourceManager: Default, Fabric Mods (Fabric Client Tags, Fabric Data Generation API (v1), Fabric Transitive Access Wideners (v1), Fabric Particles (v1), Fabric Networking API (v1), Fabric Dimensions API (v1), Fabric Rendering (v1), oωo, Fabric Models (v0), Fabric Renderer API (v1), Fabric Game Rule API (v1), Fabric Item Groups (v0), Fabric Object Builder API (v1), Fabric Message API (v1), Fabric API Lookup API (v1), Geckolib, Fabric BlockRenderLayer Registration (v1), Fabric Registry Sync (v0), Fabric Crash Report Info (v1), Fabric API Base, Fabric Rendering Data Attachment (v1), Fabric Block API (v1), Fabric Game Test API (v1), Fabric Convention Tags, Fabric Textures (v0), Fabric Mining Level API (v1), Fabric Resource Conditions API (v1), Fabric Resource Loader (v0), Fabric Loader, Fabric Content Registries (v0), Fabric Item API (v1), Fabric Screen Handler API (v1), Fabric Key Binding API (v1), Fabric Recipe API (v1), Fabric Entity Events (v1), Fabric Events Interaction (v0), Fabric Sound API (v1), Fabric Loot API (v2), Fabric API, Fabric Rendering Fluids (v1), Fabric Biome API (v1), Hover Pets, Fabric Screen API (v1), Fabric Renderer - Indigo, Fabric Command API (v2), Fabric Transfer API (v1), Fabric Lifecycle Events (v1))
[01:08:44] [Realms Notification Availability checker #1/INFO] (Minecraft) Could not authorize you against Realms server: Invalid session id
[01:08:45] [Worker-Main-14/INFO] (Minecraft) [STDERR]: java.lang.IndexOutOfBoundsException: Index -1 out of bounds for length 0
[01:08:45] [Worker-Main-14/INFO] (Minecraft) [STDERR]: 	at java.base/jdk.internal.util.Preconditions.outOfBounds(Preconditions.java:64)
[01:08:45] [Worker-Main-14/INFO] (Minecraft) [STDERR]: 	at java.base/jdk.internal.util.Preconditions.outOfBoundsCheckIndex(Preconditions.java:70)
[01:08:45] [Worker-Main-14/INFO] (Minecraft) [STDERR]: 	at java.base/jdk.internal.util.Preconditions.checkIndex(Preconditions.java:266)
[01:08:45] [Worker-Main-14/INFO] (Minecraft) [STDERR]: 	at java.base/java.util.Objects.checkIndex(Objects.java:359)
[01:08:45] [Worker-Main-14/INFO] (Minecraft) [STDERR]: 	at java.base/java.util.ArrayList$SubList.get(ArrayList.java:1149)
[01:08:45] [Worker-Main-14/INFO] (Minecraft) [STDERR]: 	at software.bernie.shadowed.eliotlash.mclib.math.MathBuilder.parseSymbols(MathBuilder.java:306)
[01:08:45] [Worker-Main-14/INFO] (Minecraft) [STDERR]: 	at software.bernie.shadowed.eliotlash.mclib.math.MathBuilder.parseSymbols(MathBuilder.java:282)
[01:08:45] [Worker-Main-14/INFO] (Minecraft) [STDERR]: 	at software.bernie.shadowed.eliotlash.mclib.math.MathBuilder.createFunction(MathBuilder.java:439)
[01:08:45] [Worker-Main-14/INFO] (Minecraft) [STDERR]: 	at software.bernie.shadowed.eliotlash.mclib.math.MathBuilder.parseSymbols(MathBuilder.java:266)
[01:08:45] [Worker-Main-14/INFO] (Minecraft) [STDERR]: 	at software.bernie.shadowed.eliotlash.mclib.math.MathBuilder.parseSymbols(MathBuilder.java:308)
[01:08:45] [Worker-Main-14/INFO] (Minecraft) [STDERR]: 	at software.bernie.shadowed.eliotlash.mclib.math.MathBuilder.parseSymbols(MathBuilder.java:283)
[01:08:45] [Worker-Main-14/INFO] (Minecraft) [STDERR]: 	at software.bernie.geckolib3.core.molang.MolangParser.parseSymbolsMolang(MolangParser.java:228)
[01:08:45] [Worker-Main-14/INFO] (Minecraft) [STDERR]: 	at software.bernie.geckolib3.core.molang.MolangParser.parseOneLine(MolangParser.java:216)
[01:08:45] [Worker-Main-14/INFO] (Minecraft) [STDERR]: 	at software.bernie.geckolib3.core.molang.MolangParser.parseExpression(MolangParser.java:174)
[01:08:45] [Worker-Main-14/INFO] (Minecraft) [STDERR]: 	at software.bernie.geckolib3.core.molang.MolangParser.parseJson(MolangParser.java:154)
[01:08:45] [Worker-Main-14/INFO] (Minecraft) [STDERR]: 	at software.bernie.geckolib3.util.json.JsonKeyFrameUtils.parseExpression(JsonKeyFrameUtils.java:179)
[01:08:45] [Worker-Main-14/INFO] (Minecraft) [STDERR]: 	at software.bernie.geckolib3.util.json.JsonKeyFrameUtils.convertJson(JsonKeyFrameUtils.java:57)
[01:08:45] [Worker-Main-14/INFO] (Minecraft) [STDERR]: 	at software.bernie.geckolib3.util.json.JsonKeyFrameUtils.convertJsonToRotationKeyFrames(JsonKeyFrameUtils.java:173)
[01:08:45] [Worker-Main-14/INFO] (Minecraft) [STDERR]: 	at software.bernie.geckolib3.util.json.JsonAnimationUtils.deserializeJsonToAnimation(JsonAnimationUtils.java:278)
[01:08:45] [Worker-Main-14/INFO] (Minecraft) [STDERR]: 	at software.bernie.geckolib3.file.AnimationFileLoader.loadAllAnimations(AnimationFileLoader.java:32)
[01:08:45] [Worker-Main-14/INFO] (Minecraft) [STDERR]: 	at software.bernie.geckolib3.resource.GeckoLibCache.lambda$reload$0(GeckoLibCache.java:73)
[01:08:45] [Worker-Main-14/INFO] (Minecraft) [STDERR]: 	at software.bernie.geckolib3.resource.GeckoLibCache.lambda$loadResources$5(GeckoLibCache.java:91)
[01:08:45] [Worker-Main-14/INFO] (Minecraft) [STDERR]: 	at java.base/java.util.concurrent.CompletableFuture$AsyncSupply.run(CompletableFuture.java:1768)
[01:08:45] [Worker-Main-14/INFO] (Minecraft) [STDERR]: 	at java.base/java.util.concurrent.CompletableFuture$AsyncSupply.exec(CompletableFuture.java:1760)
[01:08:45] [Worker-Main-14/INFO] (Minecraft) [STDERR]: 	at java.base/java.util.concurrent.ForkJoinTask.doExec(ForkJoinTask.java:373)
[01:08:45] [Worker-Main-14/INFO] (Minecraft) [STDERR]: 	at java.base/java.util.concurrent.ForkJoinPool$WorkQueue.topLevelExec(ForkJoinPool.java:1182)
[01:08:45] [Worker-Main-14/INFO] (Minecraft) [STDERR]: 	at java.base/java.util.concurrent.ForkJoinPool.scan(ForkJoinPool.java:1655)
[01:08:45] [Worker-Main-14/INFO] (Minecraft) [STDERR]: 	at java.base/java.util.concurrent.ForkJoinPool.runWorker(ForkJoinPool.java:1622)
[01:08:45] [Worker-Main-14/INFO] (Minecraft) [STDERR]: 	at java.base/java.util.concurrent.ForkJoinWorkerThread.run(ForkJoinWorkerThread.java:165)
[01:08:45] [Worker-Main-14/INFO] (Minecraft) [STDERR]: java.lang.IndexOutOfBoundsException: Index -1 out of bounds for length 0
[01:08:45] [Worker-Main-14/INFO] (Minecraft) [STDERR]: 	at java.base/jdk.internal.util.Preconditions.outOfBounds(Preconditions.java:64)
[01:08:45] [Worker-Main-14/INFO] (Minecraft) [STDERR]: 	at java.base/jdk.internal.util.Preconditions.outOfBoundsCheckIndex(Preconditions.java:70)
[01:08:45] [Worker-Main-14/INFO] (Minecraft) [STDERR]: 	at java.base/jdk.internal.util.Preconditions.checkIndex(Preconditions.java:266)
[01:08:45] [Worker-Main-14/INFO] (Minecraft) [STDERR]: 	at java.base/java.util.Objects.checkIndex(Objects.java:359)
[01:08:45] [Worker-Main-14/INFO] (Minecraft) [STDERR]: 	at java.base/java.util.ArrayList$SubList.get(ArrayList.java:1149)
[01:08:45] [Worker-Main-14/INFO] (Minecraft) [STDERR]: 	at software.bernie.shadowed.eliotlash.mclib.math.MathBuilder.parseSymbols(MathBuilder.java:306)
[01:08:45] [Worker-Main-14/INFO] (Minecraft) [STDERR]: 	at software.bernie.shadowed.eliotlash.mclib.math.MathBuilder.parseSymbols(MathBuilder.java:282)
[01:08:45] [Worker-Main-14/INFO] (Minecraft) [STDERR]: 	at software.bernie.shadowed.eliotlash.mclib.math.MathBuilder.createFunction(MathBuilder.java:439)
[01:08:45] [Worker-Main-14/INFO] (Minecraft) [STDERR]: 	at software.bernie.shadowed.eliotlash.mclib.math.MathBuilder.parseSymbols(MathBuilder.java:266)
[01:08:45] [Worker-Main-14/INFO] (Minecraft) [STDERR]: 	at software.bernie.shadowed.eliotlash.mclib.math.MathBuilder.parseSymbols(MathBuilder.java:308)
[01:08:45] [Worker-Main-14/INFO] (Minecraft) [STDERR]: 	at software.bernie.shadowed.eliotlash.mclib.math.MathBuilder.parseSymbols(MathBuilder.java:283)
[01:08:45] [Worker-Main-14/INFO] (Minecraft) [STDERR]: 	at software.bernie.geckolib3.core.molang.MolangParser.parseSymbolsMolang(MolangParser.java:228)
[01:08:45] [Worker-Main-14/INFO] (Minecraft) [STDERR]: 	at software.bernie.geckolib3.core.molang.MolangParser.parseOneLine(MolangParser.java:216)
[01:08:45] [Worker-Main-14/INFO] (Minecraft) [STDERR]: 	at software.bernie.geckolib3.core.molang.MolangParser.parseExpression(MolangParser.java:174)
[01:08:45] [Worker-Main-14/INFO] (Minecraft) [STDERR]: 	at software.bernie.geckolib3.core.molang.MolangParser.parseJson(MolangParser.java:154)
[01:08:45] [Worker-Main-14/INFO] (Minecraft) [STDERR]: 	at software.bernie.geckolib3.util.json.JsonKeyFrameUtils.parseExpression(JsonKeyFrameUtils.java:179)
[01:08:45] [Worker-Main-14/INFO] (Minecraft) [STDERR]: 	at software.bernie.geckolib3.util.json.JsonKeyFrameUtils.convertJson(JsonKeyFrameUtils.java:57)
[01:08:45] [Worker-Main-14/INFO] (Minecraft) [STDERR]: 	at software.bernie.geckolib3.util.json.JsonKeyFrameUtils.convertJsonToRotationKeyFrames(JsonKeyFrameUtils.java:173)
[01:08:45] [Worker-Main-14/INFO] (Minecraft) [STDERR]: 	at software.bernie.geckolib3.util.json.JsonAnimationUtils.deserializeJsonToAnimation(JsonAnimationUtils.java:278)
[01:08:45] [Worker-Main-14/INFO] (Minecraft) [STDERR]: 	at software.bernie.geckolib3.file.AnimationFileLoader.loadAllAnimations(AnimationFileLoader.java:32)
[01:08:45] [Worker-Main-14/INFO] (Minecraft) [STDERR]: 	at software.bernie.geckolib3.resource.GeckoLibCache.lambda$reload$0(GeckoLibCache.java:73)
[01:08:45] [Worker-Main-14/INFO] (Minecraft) [STDERR]: 	at software.bernie.geckolib3.resource.GeckoLibCache.lambda$loadResources$5(GeckoLibCache.java:91)
[01:08:45] [Worker-Main-14/INFO] (Minecraft) [STDERR]: 	at java.base/java.util.concurrent.CompletableFuture$AsyncSupply.run(CompletableFuture.java:1768)
[01:08:45] [Worker-Main-14/INFO] (Minecraft) [STDERR]: 	at java.base/java.util.concurrent.CompletableFuture$AsyncSupply.exec(CompletableFuture.java:1760)
[01:08:45] [Worker-Main-14/INFO] (Minecraft) [STDERR]: 	at java.base/java.util.concurrent.ForkJoinTask.doExec(ForkJoinTask.java:373)
[01:08:45] [Worker-Main-14/INFO] (Minecraft) [STDERR]: 	at java.base/java.util.concurrent.ForkJoinPool$WorkQueue.topLevelExec(ForkJoinPool.java:1182)
[01:08:45] [Worker-Main-14/INFO] (Minecraft) [STDERR]: 	at java.base/java.util.concurrent.ForkJoinPool.scan(ForkJoinPool.java:1655)
[01:08:45] [Worker-Main-14/INFO] (Minecraft) [STDERR]: 	at java.base/java.util.concurrent.ForkJoinPool.runWorker(ForkJoinPool.java:1622)
[01:08:45] [Worker-Main-14/INFO] (Minecraft) [STDERR]: 	at java.base/java.util.concurrent.ForkJoinWorkerThread.run(ForkJoinWorkerThread.java:165)
[01:08:48] [Render thread/WARN] (Minecraft) Missing sound for event: minecraft:item.goat_horn.play
[01:08:48] [Render thread/WARN] (Minecraft) Missing sound for event: minecraft:entity.goat.screaming.horn_break
[01:08:49] [Render thread/INFO] (Minecraft) OpenAL initialized on device OpenAL Soft on Headphones (5- JBL TUNE510BT Stereo)
[01:08:49] [Render thread/INFO] (Minecraft) Sound engine started
[01:08:49] [Render thread/INFO] (Minecraft) Created: 1024x1024x4 minecraft:textures/atlas/blocks.png-atlas
[01:08:49] [Render thread/INFO] (Minecraft) Created: 256x128x4 minecraft:textures/atlas/signs.png-atlas
[01:08:49] [Render thread/INFO] (Minecraft) Created: 1024x512x4 minecraft:textures/atlas/banner_patterns.png-atlas
[01:08:49] [Render thread/INFO] (Minecraft) Created: 1024x512x4 minecraft:textures/atlas/shield_patterns.png-atlas
[01:08:49] [Render thread/INFO] (Minecraft) Created: 256x256x4 minecraft:textures/atlas/chest.png-atlas
[01:08:49] [Render thread/INFO] (Minecraft) Created: 512x256x4 minecraft:textures/atlas/beds.png-atlas
[01:08:49] [Render thread/INFO] (Minecraft) Created: 512x256x4 minecraft:textures/atlas/shulker_boxes.png-atlas
[01:08:50] [Render thread/WARN] (Minecraft) Shader rendertype_entity_translucent_emissive could not find sampler named Sampler2 in the specified shader program.
[01:08:50] [Render thread/INFO] (Minecraft) Created: 512x256x0 minecraft:textures/atlas/particles.png-atlas
[01:08:50] [Render thread/INFO] (Minecraft) Created: 256x256x0 minecraft:textures/atlas/paintings.png-atlas
[01:08:50] [Render thread/INFO] (Minecraft) Created: 256x128x0 minecraft:textures/atlas/mob_effects.png-atlas
[01:09:22] [Render thread/INFO] (Minecraft) Loaded 7 recipes
[01:09:23] [Render thread/INFO] (Minecraft) Loaded 1179 advancements
[01:09:24] [Worker-Main-11/ERROR] (Minecraft) Failed to retrieve profile key pair
java.io.IOException: Could not retrieve profile key pair
	at net.minecraft.client.util.ProfileKeys.fetchKeyPair(ProfileKeys.java:130) ~[minecraft-project-@-merged-named.jar:?]
	at net.minecraft.client.util.ProfileKeys.method_44291(ProfileKeys.java:69) ~[minecraft-project-@-merged-named.jar:?]
	at java.util.concurrent.CompletableFuture$AsyncSupply.run(CompletableFuture.java:1768) [?:?]
	at java.util.concurrent.CompletableFuture$AsyncSupply.exec(CompletableFuture.java:1760) [?:?]
	at java.util.concurrent.ForkJoinTask.doExec(ForkJoinTask.java:373) [?:?]
	at java.util.concurrent.ForkJoinPool$WorkQueue.topLevelExec(ForkJoinPool.java:1182) [?:?]
	at java.util.concurrent.ForkJoinPool.scan(ForkJoinPool.java:1655) [?:?]
	at java.util.concurrent.ForkJoinPool.runWorker(ForkJoinPool.java:1622) [?:?]
	at java.util.concurrent.ForkJoinWorkerThread.run(ForkJoinWorkerThread.java:165) [?:?]
[01:09:24] [Render thread/INFO] (BiomeModificationImpl) Applied 0 biome modifications to 0 of 63 new biomes in 4.740 ms
[01:09:24] [Server thread/INFO] (Minecraft) Starting integrated minecraft server version 1.19.2
[01:09:24] [Server thread/INFO] (Minecraft) Generating keypair
[01:09:25] [Server thread/INFO] (Minecraft) Preparing start region for dimension minecraft:overworld
[01:09:30] [Render thread/INFO] (Minecraft) Preparing spawn area: 0%
[01:09:30] [Render thread/INFO] (Minecraft) Preparing spawn area: 0%
[01:09:30] [Render thread/INFO] (Minecraft) Preparing spawn area: 0%
[01:09:30] [Render thread/INFO] (Minecraft) Preparing spawn area: 0%
[01:09:30] [Render thread/INFO] (Minecraft) Preparing spawn area: 0%
[01:09:30] [Render thread/INFO] (Minecraft) Preparing spawn area: 0%
[01:09:30] [Render thread/INFO] (Minecraft) Preparing spawn area: 0%
[01:09:30] [Render thread/INFO] (Minecraft) Preparing spawn area: 0%
[01:09:30] [Render thread/INFO] (Minecraft) Preparing spawn area: 0%
[01:09:30] [Render thread/INFO] (Minecraft) Preparing spawn area: 0%
[01:09:30] [Render thread/INFO] (Minecraft) Preparing spawn area: 0%
[01:09:31] [Render thread/INFO] (Minecraft) Preparing spawn area: 9%
[01:09:31] [Render thread/INFO] (Minecraft) Preparing spawn area: 40%
[01:09:32] [Render thread/INFO] (Minecraft) Preparing spawn area: 92%
[01:09:32] [Render thread/INFO] (Minecraft) Time elapsed: 6673 ms
[01:09:32] [Server thread/INFO] (Minecraft) Changing view distance to 12, from 10
[01:09:32] [Server thread/INFO] (Minecraft) Changing simulation distance to 12, from 0
[01:09:35] [Server thread/INFO] (Minecraft) Player151[local:E:f5d9b7f3] logged in with entity id 341 at (-27.787595880948217, 71.0, -28.33318315380254)
[01:09:36] [Server thread/INFO] (Minecraft) Player151 joined the game
[01:09:36] [Server thread/INFO] (hoverpets) {"":{},chicken_pet:{level:3,xp:43},currentPet:{petType:"chicken_pet",uuid:"93255f15-6377-4b6e-9a43-5d50bbfa7522"}}
[01:09:39] [Render thread/INFO] (Minecraft) Loaded 20 advancements
[01:09:42] [Server thread/INFO] (Minecraft) Saving and pausing game...
[01:09:42] [Server thread/INFO] (Minecraft) Saving chunks for level 'ServerLevel[New World]'/minecraft:overworld
[01:09:42] [Server thread/INFO] (Minecraft) Saving chunks for level 'ServerLevel[New World]'/minecraft:the_end
[01:09:42] [Server thread/INFO] (Minecraft) Saving chunks for level 'ServerLevel[New World]'/minecraft:the_nether
[01:09:53] [Worker-Bootstrap-2/INFO] (Minecraft) 4283 Datafixer optimizations took 83081 milliseconds
[01:10:48] [Server thread/INFO] (Minecraft) [Player151: Removed pet for Player151]
[01:10:48] [Render thread/INFO] (Minecraft) [System] [CHAT] Removed pet for Player151
[01:10:50] [Server thread/INFO] (Minecraft) Player151 has made the advancement [Best Friends Forever]
[01:10:50] [Server thread/ERROR] (hoverpets) f304f8fe-8118-44d7-9e95-13291c533202
[01:10:50] [Server thread/ERROR] (hoverpets) dfcad48a-e020-38be-9232-c84cb8bb8cf2
[01:10:50] [Render thread/INFO] (Minecraft) [System] [CHAT] Player151 has made the advancement [Best Friends Forever]
[01:10:50] [Render thread/INFO] (Minecraft) Loaded 23 advancements
[01:11:06] [Server thread/INFO] (Minecraft) [Player151: Removed pet for Player151]
[01:11:06] [Render thread/INFO] (Minecraft) [System] [CHAT] Removed pet for Player151
[01:11:17] [Render thread/WARN] (Minecraft) Unable to play empty soundEvent: minecraft:entity.cod.ambient
[01:11:17] [Server thread/INFO] (Minecraft) [Player151: Killed Chicken Pet]
[01:11:17] [Render thread/INFO] (Minecraft) [System] [CHAT] Killed Chicken Pet
[01:11:32] [Server thread/ERROR] (hoverpets) c16a73ce-ed1b-437f-bfad-d187dd5f1adf
[01:11:32] [Server thread/ERROR] (hoverpets) dfcad48a-e020-38be-9232-c84cb8bb8cf2
[01:11:59] [Server thread/INFO] (Minecraft) Saving and pausing game...
[01:11:59] [Server thread/INFO] (Minecraft) Saving chunks for level 'ServerLevel[New World]'/minecraft:overworld
[01:11:59] [Server thread/INFO] (Minecraft) Saving chunks for level 'ServerLevel[New World]'/minecraft:the_end
[01:11:59] [Server thread/INFO] (Minecraft) Saving chunks for level 'ServerLevel[New World]'/minecraft:the_nether
[01:11:59] [Render thread/INFO] (Minecraft) Stopping!
[01:11:59] [Server thread/INFO] (Minecraft) Player151 lost connection: Disconnected
[01:11:59] [Server thread/INFO] (Minecraft) Player151 left the game
[01:11:59] [Server thread/INFO] (Minecraft) Stopping singleplayer server as player logged out
[01:11:59] [Server thread/INFO] (Minecraft) Stopping server
[01:11:59] [Server thread/INFO] (Minecraft) Saving players
[01:11:59] [Server thread/INFO] (Minecraft) Saving worlds
[01:12:00] [Server thread/INFO] (Minecraft) Saving chunks for level 'ServerLevel[New World]'/minecraft:overworld
[01:12:03] [Server thread/INFO] (Minecraft) Saving chunks for level 'ServerLevel[New World]'/minecraft:the_end
[01:12:03] [Server thread/INFO] (Minecraft) Saving chunks for level 'ServerLevel[New World]'/minecraft:the_nether
[01:12:03] [Server thread/INFO] (Minecraft) ThreadedAnvilChunkStorage (New World (1)): All chunks are saved
[01:12:03] [Server thread/INFO] (Minecraft) ThreadedAnvilChunkStorage (DIM1): All chunks are saved
[01:12:03] [Server thread/INFO] (Minecraft) ThreadedAnvilChunkStorage (DIM-1): All chunks are saved
[01:12:03] [Server thread/INFO] (Minecraft) ThreadedAnvilChunkStorage: All dimensions are saved
